#-----------------------------------------------------------
# Vivado v2016.2 (64-bit)
# SW Build 1577090 on Thu Jun  2 16:32:40 MDT 2016
# IP Build 1577682 on Fri Jun  3 12:00:54 MDT 2016
# Start of session at: Sun Apr 01 12:32:18 2018
# Process ID: 9344
# Current directory: C:/Users/e0196716/Desktop/EE-2026-Project-master/audio_effects
# Command line: vivado.exe -gui_launcher_event rodinguilauncherevent9816 C:\Users\e0196716\Desktop\EE-2026-Project-master\audio_effects\audio_effects.xpr
# Log file: C:/Users/e0196716/Desktop/EE-2026-Project-master/audio_effects/vivado.log
# Journal file: C:/Users/e0196716/Desktop/EE-2026-Project-master/audio_effects\vivado.jou
#-----------------------------------------------------------
start_gui
open_project C:/Users/e0196716/Desktop/EE-2026-Project-master/audio_effects/audio_effects.xpr
INFO: [Project 1-313] Project file moved from 'E:/NUS/Semester_2/EE2026/EE2026_Project_Template.xpr/audio_effects' since last save.
CRITICAL WARNING: [Project 1-311] Could not find the file 'C:/Users/e0196716/Desktop/EE-2026-Project-master/audio_effects/audio_effects.srcs/sources_1/new/clock_40k.v', nor could it be found using path 'E:/NUS/Semester_2/EE2026/EE2026_Project_Template.xpr/audio_effects/audio_effects.srcs/sources_1/new/clock_40k.v'.
Scanning sources...
Finished scanning sources
INFO: [IP_Flow 19-234] Refreshing IP repositories
INFO: [IP_Flow 19-1704] No user IP repositories specified
INFO: [IP_Flow 19-2313] Loaded Vivado IP repository 'D:/Xilinx/Vivado/2016.2/data/ip'.
open_project: Time (s): cpu = 00:00:13 ; elapsed = 00:00:13 . Memory (MB): peak = 712.082 ; gain = 86.605
update_compile_order -fileset sources_1
reset_run synth_1
launch_runs impl_1 -to_step write_bitstream
[Sun Apr 01 13:14:49 2018] Launched synth_1...
Run output will be captured here: C:/Users/e0196716/Desktop/EE-2026-Project-master/audio_effects/audio_effects.runs/synth_1/runme.log
[Sun Apr 01 13:14:49 2018] Launched impl_1...
Run output will be captured here: C:/Users/e0196716/Desktop/EE-2026-Project-master/audio_effects/audio_effects.runs/impl_1/runme.log
open_run synth_1 -name synth_1
Design is defaulting to impl run constrset: constrs_1
Design is defaulting to synth run part: xc7a35tcpg236-1
INFO: [Netlist 29-17] Analyzing 85 Unisim elements for replacement
INFO: [Netlist 29-28] Unisim Transformation completed in 0 CPU seconds
INFO: [Project 1-479] Netlist was created with Vivado 2016.2
INFO: [Device 21-403] Loading part xc7a35tcpg236-1
INFO: [Project 1-570] Preparing netlist for logic optimization
Parsing XDC File [C:/Users/e0196716/Desktop/EE-2026-Project-master/audio_effects/audio_effects.srcs/constrs_1/imports/Learn/Basys3_Master.xdc]
Finished Parsing XDC File [C:/Users/e0196716/Desktop/EE-2026-Project-master/audio_effects/audio_effects.srcs/constrs_1/imports/Learn/Basys3_Master.xdc]
INFO: [Opt 31-138] Pushed 0 inverter(s) to 0 load pin(s).
INFO: [Project 1-111] Unisim Transformation Summary:
No Unisim elements were transformed.

open_run: Time (s): cpu = 00:00:14 ; elapsed = 00:00:15 . Memory (MB): peak = 1072.844 ; gain = 269.957
remove_files C:/Users/e0196716/Desktop/EE-2026-Project-master/audio_effects/audio_effects.srcs/sources_1/new/clock_40k.v
remove_files C:/Users/e0196716/Desktop/EE-2026-Project-master/audio_effects/audio_effects.srcs/sources_1/new/test.v
file delete -force C:/Users/e0196716/Desktop/EE-2026-Project-master/audio_effects/audio_effects.srcs/sources_1/new/test.v
refresh_design
INFO: [Project 1-570] Preparing netlist for logic optimization
Parsing XDC File [C:/Users/e0196716/Desktop/EE-2026-Project-master/audio_effects/audio_effects.srcs/constrs_1/imports/Learn/Basys3_Master.xdc]
WARNING: [Vivado 12-584] No ports matched 'state[4]'. [C:/Users/e0196716/Desktop/EE-2026-Project-master/audio_effects/audio_effects.srcs/constrs_1/imports/Learn/Basys3_Master.xdc:42]
CRITICAL WARNING: [Common 17-55] 'set_property' expects at least one object. [C:/Users/e0196716/Desktop/EE-2026-Project-master/audio_effects/audio_effects.srcs/constrs_1/imports/Learn/Basys3_Master.xdc:42]
Resolution: If [get_<value>] was used to populate the object, check to make sure this command returns at least one valid object.
WARNING: [Vivado 12-584] No ports matched 'state[4]'. [C:/Users/e0196716/Desktop/EE-2026-Project-master/audio_effects/audio_effects.srcs/constrs_1/imports/Learn/Basys3_Master.xdc:43]
CRITICAL WARNING: [Common 17-55] 'set_property' expects at least one object. [C:/Users/e0196716/Desktop/EE-2026-Project-master/audio_effects/audio_effects.srcs/constrs_1/imports/Learn/Basys3_Master.xdc:43]
Resolution: If [get_<value>] was used to populate the object, check to make sure this command returns at least one valid object.
WARNING: [Vivado 12-584] No ports matched 'led[0]'. [C:/Users/e0196716/Desktop/EE-2026-Project-master/audio_effects/audio_effects.srcs/constrs_1/imports/Learn/Basys3_Master.xdc:47]
CRITICAL WARNING: [Common 17-55] 'set_property' expects at least one object. [C:/Users/e0196716/Desktop/EE-2026-Project-master/audio_effects/audio_effects.srcs/constrs_1/imports/Learn/Basys3_Master.xdc:47]
Resolution: If [get_<value>] was used to populate the object, check to make sure this command returns at least one valid object.
WARNING: [Vivado 12-584] No ports matched 'led[0]'. [C:/Users/e0196716/Desktop/EE-2026-Project-master/audio_effects/audio_effects.srcs/constrs_1/imports/Learn/Basys3_Master.xdc:48]
CRITICAL WARNING: [Common 17-55] 'set_property' expects at least one object. [C:/Users/e0196716/Desktop/EE-2026-Project-master/audio_effects/audio_effects.srcs/constrs_1/imports/Learn/Basys3_Master.xdc:48]
Resolution: If [get_<value>] was used to populate the object, check to make sure this command returns at least one valid object.
WARNING: [Vivado 12-584] No ports matched 'led[1]'. [C:/Users/e0196716/Desktop/EE-2026-Project-master/audio_effects/audio_effects.srcs/constrs_1/imports/Learn/Basys3_Master.xdc:49]
CRITICAL WARNING: [Common 17-55] 'set_property' expects at least one object. [C:/Users/e0196716/Desktop/EE-2026-Project-master/audio_effects/audio_effects.srcs/constrs_1/imports/Learn/Basys3_Master.xdc:49]
Resolution: If [get_<value>] was used to populate the object, check to make sure this command returns at least one valid object.
WARNING: [Vivado 12-584] No ports matched 'led[1]'. [C:/Users/e0196716/Desktop/EE-2026-Project-master/audio_effects/audio_effects.srcs/constrs_1/imports/Learn/Basys3_Master.xdc:50]
CRITICAL WARNING: [Common 17-55] 'set_property' expects at least one object. [C:/Users/e0196716/Desktop/EE-2026-Project-master/audio_effects/audio_effects.srcs/constrs_1/imports/Learn/Basys3_Master.xdc:50]
Resolution: If [get_<value>] was used to populate the object, check to make sure this command returns at least one valid object.
WARNING: [Vivado 12-584] No ports matched 'led[2]'. [C:/Users/e0196716/Desktop/EE-2026-Project-master/audio_effects/audio_effects.srcs/constrs_1/imports/Learn/Basys3_Master.xdc:51]
CRITICAL WARNING: [Common 17-55] 'set_property' expects at least one object. [C:/Users/e0196716/Desktop/EE-2026-Project-master/audio_effects/audio_effects.srcs/constrs_1/imports/Learn/Basys3_Master.xdc:51]
Resolution: If [get_<value>] was used to populate the object, check to make sure this command returns at least one valid object.
WARNING: [Vivado 12-584] No ports matched 'led[2]'. [C:/Users/e0196716/Desktop/EE-2026-Project-master/audio_effects/audio_effects.srcs/constrs_1/imports/Learn/Basys3_Master.xdc:52]
CRITICAL WARNING: [Common 17-55] 'set_property' expects at least one object. [C:/Users/e0196716/Desktop/EE-2026-Project-master/audio_effects/audio_effects.srcs/constrs_1/imports/Learn/Basys3_Master.xdc:52]
Resolution: If [get_<value>] was used to populate the object, check to make sure this command returns at least one valid object.
WARNING: [Vivado 12-584] No ports matched 'led[3]'. [C:/Users/e0196716/Desktop/EE-2026-Project-master/audio_effects/audio_effects.srcs/constrs_1/imports/Learn/Basys3_Master.xdc:53]
CRITICAL WARNING: [Common 17-55] 'set_property' expects at least one object. [C:/Users/e0196716/Desktop/EE-2026-Project-master/audio_effects/audio_effects.srcs/constrs_1/imports/Learn/Basys3_Master.xdc:53]
Resolution: If [get_<value>] was used to populate the object, check to make sure this command returns at least one valid object.
WARNING: [Vivado 12-584] No ports matched 'led[3]'. [C:/Users/e0196716/Desktop/EE-2026-Project-master/audio_effects/audio_effects.srcs/constrs_1/imports/Learn/Basys3_Master.xdc:54]
CRITICAL WARNING: [Common 17-55] 'set_property' expects at least one object. [C:/Users/e0196716/Desktop/EE-2026-Project-master/audio_effects/audio_effects.srcs/constrs_1/imports/Learn/Basys3_Master.xdc:54]
Resolution: If [get_<value>] was used to populate the object, check to make sure this command returns at least one valid object.
WARNING: [Vivado 12-584] No ports matched 'led[4]'. [C:/Users/e0196716/Desktop/EE-2026-Project-master/audio_effects/audio_effects.srcs/constrs_1/imports/Learn/Basys3_Master.xdc:55]
CRITICAL WARNING: [Common 17-55] 'set_property' expects at least one object. [C:/Users/e0196716/Desktop/EE-2026-Project-master/audio_effects/audio_effects.srcs/constrs_1/imports/Learn/Basys3_Master.xdc:55]
Resolution: If [get_<value>] was used to populate the object, check to make sure this command returns at least one valid object.
WARNING: [Vivado 12-584] No ports matched 'led[4]'. [C:/Users/e0196716/Desktop/EE-2026-Project-master/audio_effects/audio_effects.srcs/constrs_1/imports/Learn/Basys3_Master.xdc:56]
CRITICAL WARNING: [Common 17-55] 'set_property' expects at least one object. [C:/Users/e0196716/Desktop/EE-2026-Project-master/audio_effects/audio_effects.srcs/constrs_1/imports/Learn/Basys3_Master.xdc:56]
Resolution: If [get_<value>] was used to populate the object, check to make sure this command returns at least one valid object.
WARNING: [Vivado 12-584] No ports matched 'led[5]'. [C:/Users/e0196716/Desktop/EE-2026-Project-master/audio_effects/audio_effects.srcs/constrs_1/imports/Learn/Basys3_Master.xdc:57]
CRITICAL WARNING: [Common 17-55] 'set_property' expects at least one object. [C:/Users/e0196716/Desktop/EE-2026-Project-master/audio_effects/audio_effects.srcs/constrs_1/imports/Learn/Basys3_Master.xdc:57]
Resolution: If [get_<value>] was used to populate the object, check to make sure this command returns at least one valid object.
WARNING: [Vivado 12-584] No ports matched 'led[5]'. [C:/Users/e0196716/Desktop/EE-2026-Project-master/audio_effects/audio_effects.srcs/constrs_1/imports/Learn/Basys3_Master.xdc:58]
CRITICAL WARNING: [Common 17-55] 'set_property' expects at least one object. [C:/Users/e0196716/Desktop/EE-2026-Project-master/audio_effects/audio_effects.srcs/constrs_1/imports/Learn/Basys3_Master.xdc:58]
Resolution: If [get_<value>] was used to populate the object, check to make sure this command returns at least one valid object.
WARNING: [Vivado 12-584] No ports matched 'led[6]'. [C:/Users/e0196716/Desktop/EE-2026-Project-master/audio_effects/audio_effects.srcs/constrs_1/imports/Learn/Basys3_Master.xdc:59]
CRITICAL WARNING: [Common 17-55] 'set_property' expects at least one object. [C:/Users/e0196716/Desktop/EE-2026-Project-master/audio_effects/audio_effects.srcs/constrs_1/imports/Learn/Basys3_Master.xdc:59]
Resolution: If [get_<value>] was used to populate the object, check to make sure this command returns at least one valid object.
WARNING: [Vivado 12-584] No ports matched 'led[6]'. [C:/Users/e0196716/Desktop/EE-2026-Project-master/audio_effects/audio_effects.srcs/constrs_1/imports/Learn/Basys3_Master.xdc:60]
CRITICAL WARNING: [Common 17-55] 'set_property' expects at least one object. [C:/Users/e0196716/Desktop/EE-2026-Project-master/audio_effects/audio_effects.srcs/constrs_1/imports/Learn/Basys3_Master.xdc:60]
Resolution: If [get_<value>] was used to populate the object, check to make sure this command returns at least one valid object.
WARNING: [Vivado 12-584] No ports matched 'led[7]'. [C:/Users/e0196716/Desktop/EE-2026-Project-master/audio_effects/audio_effects.srcs/constrs_1/imports/Learn/Basys3_Master.xdc:61]
CRITICAL WARNING: [Common 17-55] 'set_property' expects at least one object. [C:/Users/e0196716/Desktop/EE-2026-Project-master/audio_effects/audio_effects.srcs/constrs_1/imports/Learn/Basys3_Master.xdc:61]
Resolution: If [get_<value>] was used to populate the object, check to make sure this command returns at least one valid object.
WARNING: [Vivado 12-584] No ports matched 'led[7]'. [C:/Users/e0196716/Desktop/EE-2026-Project-master/audio_effects/audio_effects.srcs/constrs_1/imports/Learn/Basys3_Master.xdc:62]
CRITICAL WARNING: [Common 17-55] 'set_property' expects at least one object. [C:/Users/e0196716/Desktop/EE-2026-Project-master/audio_effects/audio_effects.srcs/constrs_1/imports/Learn/Basys3_Master.xdc:62]
Resolution: If [get_<value>] was used to populate the object, check to make sure this command returns at least one valid object.
WARNING: [Vivado 12-584] No ports matched 'led[8]'. [C:/Users/e0196716/Desktop/EE-2026-Project-master/audio_effects/audio_effects.srcs/constrs_1/imports/Learn/Basys3_Master.xdc:63]
CRITICAL WARNING: [Common 17-55] 'set_property' expects at least one object. [C:/Users/e0196716/Desktop/EE-2026-Project-master/audio_effects/audio_effects.srcs/constrs_1/imports/Learn/Basys3_Master.xdc:63]
Resolution: If [get_<value>] was used to populate the object, check to make sure this command returns at least one valid object.
WARNING: [Vivado 12-584] No ports matched 'led[8]'. [C:/Users/e0196716/Desktop/EE-2026-Project-master/audio_effects/audio_effects.srcs/constrs_1/imports/Learn/Basys3_Master.xdc:64]
CRITICAL WARNING: [Common 17-55] 'set_property' expects at least one object. [C:/Users/e0196716/Desktop/EE-2026-Project-master/audio_effects/audio_effects.srcs/constrs_1/imports/Learn/Basys3_Master.xdc:64]
Resolution: If [get_<value>] was used to populate the object, check to make sure this command returns at least one valid object.
WARNING: [Vivado 12-584] No ports matched 'led[9]'. [C:/Users/e0196716/Desktop/EE-2026-Project-master/audio_effects/audio_effects.srcs/constrs_1/imports/Learn/Basys3_Master.xdc:65]
CRITICAL WARNING: [Common 17-55] 'set_property' expects at least one object. [C:/Users/e0196716/Desktop/EE-2026-Project-master/audio_effects/audio_effects.srcs/constrs_1/imports/Learn/Basys3_Master.xdc:65]
Resolution: If [get_<value>] was used to populate the object, check to make sure this command returns at least one valid object.
WARNING: [Vivado 12-584] No ports matched 'led[9]'. [C:/Users/e0196716/Desktop/EE-2026-Project-master/audio_effects/audio_effects.srcs/constrs_1/imports/Learn/Basys3_Master.xdc:66]
CRITICAL WARNING: [Common 17-55] 'set_property' expects at least one object. [C:/Users/e0196716/Desktop/EE-2026-Project-master/audio_effects/audio_effects.srcs/constrs_1/imports/Learn/Basys3_Master.xdc:66]
Resolution: If [get_<value>] was used to populate the object, check to make sure this command returns at least one valid object.
WARNING: [Vivado 12-584] No ports matched 'led[10]'. [C:/Users/e0196716/Desktop/EE-2026-Project-master/audio_effects/audio_effects.srcs/constrs_1/imports/Learn/Basys3_Master.xdc:67]
CRITICAL WARNING: [Common 17-55] 'set_property' expects at least one object. [C:/Users/e0196716/Desktop/EE-2026-Project-master/audio_effects/audio_effects.srcs/constrs_1/imports/Learn/Basys3_Master.xdc:67]
Resolution: If [get_<value>] was used to populate the object, check to make sure this command returns at least one valid object.
WARNING: [Vivado 12-584] No ports matched 'led[10]'. [C:/Users/e0196716/Desktop/EE-2026-Project-master/audio_effects/audio_effects.srcs/constrs_1/imports/Learn/Basys3_Master.xdc:68]
CRITICAL WARNING: [Common 17-55] 'set_property' expects at least one object. [C:/Users/e0196716/Desktop/EE-2026-Project-master/audio_effects/audio_effects.srcs/constrs_1/imports/Learn/Basys3_Master.xdc:68]
Resolution: If [get_<value>] was used to populate the object, check to make sure this command returns at least one valid object.
WARNING: [Vivado 12-584] No ports matched 'led[11]'. [C:/Users/e0196716/Desktop/EE-2026-Project-master/audio_effects/audio_effects.srcs/constrs_1/imports/Learn/Basys3_Master.xdc:69]
CRITICAL WARNING: [Common 17-55] 'set_property' expects at least one object. [C:/Users/e0196716/Desktop/EE-2026-Project-master/audio_effects/audio_effects.srcs/constrs_1/imports/Learn/Basys3_Master.xdc:69]
Resolution: If [get_<value>] was used to populate the object, check to make sure this command returns at least one valid object.
WARNING: [Vivado 12-584] No ports matched 'led[11]'. [C:/Users/e0196716/Desktop/EE-2026-Project-master/audio_effects/audio_effects.srcs/constrs_1/imports/Learn/Basys3_Master.xdc:70]
CRITICAL WARNING: [Common 17-55] 'set_property' expects at least one object. [C:/Users/e0196716/Desktop/EE-2026-Project-master/audio_effects/audio_effects.srcs/constrs_1/imports/Learn/Basys3_Master.xdc:70]
Resolution: If [get_<value>] was used to populate the object, check to make sure this command returns at least one valid object.
Finished Parsing XDC File [C:/Users/e0196716/Desktop/EE-2026-Project-master/audio_effects/audio_effects.srcs/constrs_1/imports/Learn/Basys3_Master.xdc]
INFO: [Opt 31-138] Pushed 0 inverter(s) to 0 load pin(s).
refresh_design: Time (s): cpu = 00:00:11 ; elapsed = 00:00:06 . Memory (MB): peak = 1476.777 ; gain = 0.000
reset_run synth_1
launch_runs impl_1 -to_step write_bitstream
WARNING: [Project 1-478] Design 'synth_1' is stale and will not be used when launching 'impl_1'
[Sun Apr 01 13:24:40 2018] Launched synth_1...
Run output will be captured here: C:/Users/e0196716/Desktop/EE-2026-Project-master/audio_effects/audio_effects.runs/synth_1/runme.log
[Sun Apr 01 13:24:40 2018] Launched impl_1...
Run output will be captured here: C:/Users/e0196716/Desktop/EE-2026-Project-master/audio_effects/audio_effects.runs/impl_1/runme.log
exit
INFO: [Common 17-206] Exiting Vivado at Sun Apr 01 13:29:14 2018...
