#-----------------------------------------------------------
# Vivado v2016.2 (64-bit)
# SW Build 1577090 on Thu Jun  2 16:32:40 MDT 2016
# IP Build 1577682 on Fri Jun  3 12:00:54 MDT 2016
# Start of session at: Sun Apr 01 13:29:20 2018
# Process ID: 9320
# Current directory: C:/Users/e0196716/Desktop/EE-2026-Project-master/audio_effects
# Command line: vivado.exe -gui_launcher_event rodinguilauncherevent8068 C:\Users\e0196716\Desktop\EE-2026-Project-master\audio_effects\audio_effects.xpr
# Log file: C:/Users/e0196716/Desktop/EE-2026-Project-master/audio_effects/vivado.log
# Journal file: C:/Users/e0196716/Desktop/EE-2026-Project-master/audio_effects\vivado.jou
#-----------------------------------------------------------
start_gui
open_project C:/Users/e0196716/Desktop/EE-2026-Project-master/audio_effects/audio_effects.xpr
Scanning sources...
Finished scanning sources
INFO: [IP_Flow 19-234] Refreshing IP repositories
INFO: [IP_Flow 19-1704] No user IP repositories specified
INFO: [IP_Flow 19-2313] Loaded Vivado IP repository 'D:/Xilinx/Vivado/2016.2/data/ip'.
open_project: Time (s): cpu = 00:00:13 ; elapsed = 00:00:05 . Memory (MB): peak = 826.637 ; gain = 142.832
update_compile_order -fileset sources_1
reset_run synth_1
launch_runs impl_1 -to_step write_bitstream
[Sun Apr 01 13:29:40 2018] Launched synth_1...
Run output will be captured here: C:/Users/e0196716/Desktop/EE-2026-Project-master/audio_effects/audio_effects.runs/synth_1/runme.log
[Sun Apr 01 13:29:40 2018] Launched impl_1...
Run output will be captured here: C:/Users/e0196716/Desktop/EE-2026-Project-master/audio_effects/audio_effects.runs/impl_1/runme.log
reset_run synth_1
launch_runs impl_1 -to_step write_bitstream
[Sun Apr 01 13:45:10 2018] Launched synth_1...
Run output will be captured here: C:/Users/e0196716/Desktop/EE-2026-Project-master/audio_effects/audio_effects.runs/synth_1/runme.log
[Sun Apr 01 13:45:10 2018] Launched impl_1...
Run output will be captured here: C:/Users/e0196716/Desktop/EE-2026-Project-master/audio_effects/audio_effects.runs/impl_1/runme.log
reset_run synth_1
launch_runs impl_1 -to_step write_bitstream
[Sun Apr 01 13:45:42 2018] Launched synth_1...
Run output will be captured here: C:/Users/e0196716/Desktop/EE-2026-Project-master/audio_effects/audio_effects.runs/synth_1/runme.log
[Sun Apr 01 13:45:42 2018] Launched impl_1...
Run output will be captured here: C:/Users/e0196716/Desktop/EE-2026-Project-master/audio_effects/audio_effects.runs/impl_1/runme.log
reset_run synth_1
launch_runs impl_1 -to_step write_bitstream
[Sun Apr 01 13:54:03 2018] Launched synth_1...
Run output will be captured here: C:/Users/e0196716/Desktop/EE-2026-Project-master/audio_effects/audio_effects.runs/synth_1/runme.log
[Sun Apr 01 13:54:03 2018] Launched impl_1...
Run output will be captured here: C:/Users/e0196716/Desktop/EE-2026-Project-master/audio_effects/audio_effects.runs/impl_1/runme.log
reset_run synth_1
launch_runs impl_1 -to_step write_bitstream
[Sun Apr 01 13:54:40 2018] Launched synth_1...
Run output will be captured here: C:/Users/e0196716/Desktop/EE-2026-Project-master/audio_effects/audio_effects.runs/synth_1/runme.log
[Sun Apr 01 13:54:40 2018] Launched impl_1...
Run output will be captured here: C:/Users/e0196716/Desktop/EE-2026-Project-master/audio_effects/audio_effects.runs/impl_1/runme.log
reset_run synth_1
launch_runs impl_1 -to_step write_bitstream
[Sun Apr 01 13:58:01 2018] Launched synth_1...
Run output will be captured here: C:/Users/e0196716/Desktop/EE-2026-Project-master/audio_effects/audio_effects.runs/synth_1/runme.log
[Sun Apr 01 13:58:01 2018] Launched impl_1...
Run output will be captured here: C:/Users/e0196716/Desktop/EE-2026-Project-master/audio_effects/audio_effects.runs/impl_1/runme.log
exit
INFO: [Common 17-206] Exiting Vivado at Sun Apr 01 14:01:18 2018...
